0 info it worked if it ends with ok
1 verbose cli [ '/Users/burlac/.nvm/versions/node/v6.17.1/bin/node',
1 verbose cli   '/Users/burlac/.nvm/versions/node/v6.17.1/bin/npm',
1 verbose cli   'run',
1 verbose cli   'start' ]
2 info using npm@3.10.10
3 info using node@v6.17.1
4 verbose run-script [ 'prestart', 'start', 'poststart' ]
5 info lifecycle chatapplicationclient@0.0.0~prestart: chatapplicationclient@0.0.0
6 silly lifecycle chatapplicationclient@0.0.0~prestart: no script for prestart, continuing
7 info lifecycle chatapplicationclient@0.0.0~start: chatapplicationclient@0.0.0
8 verbose lifecycle chatapplicationclient@0.0.0~start: unsafe-perm in lifecycle true
9 verbose lifecycle chatapplicationclient@0.0.0~start: PATH: /Users/burlac/.nvm/versions/node/v6.17.1/lib/node_modules/npm/bin/node-gyp-bin:/Users/burlac/personale/java/chatapplication/clientmvn/src/main/chataaplicationclient/node_modules/.bin:/Library/Frameworks/Python.framework/Versions/3.8/bin:/Users/burlac/.nvm/versions/node/v6.17.1/bin:/Users/burlac/git-flow-config/common:/usr/local/bin:/usr/bin:/bin:/usr/sbin:/sbin:/Applications/VMware Fusion.app/Contents/Public:/Library/Frameworks/Python.framework/Versions/3.8/bin:/Users/burlac/.nvm/versions/node/v6.17.1/bin:/Users/burlac/git-flow-config/common
10 verbose lifecycle chatapplicationclient@0.0.0~start: CWD: /Users/burlac/personale/java/chatapplication/clientmvn/src/main/chataaplicationclient
11 silly lifecycle chatapplicationclient@0.0.0~start: Args: [ '-c', 'ng serve' ]
12 silly lifecycle chatapplicationclient@0.0.0~start: Returned: code: 3  signal: null
13 info lifecycle chatapplicationclient@0.0.0~start: Failed to exec start script
14 verbose stack Error: chatapplicationclient@0.0.0 start: `ng serve`
14 verbose stack Exit status 3
14 verbose stack     at EventEmitter.<anonymous> (/Users/burlac/.nvm/versions/node/v6.17.1/lib/node_modules/npm/lib/utils/lifecycle.js:255:16)
14 verbose stack     at emitTwo (events.js:106:13)
14 verbose stack     at EventEmitter.emit (events.js:191:7)
14 verbose stack     at ChildProcess.<anonymous> (/Users/burlac/.nvm/versions/node/v6.17.1/lib/node_modules/npm/lib/utils/spawn.js:40:14)
14 verbose stack     at emitTwo (events.js:106:13)
14 verbose stack     at ChildProcess.emit (events.js:191:7)
14 verbose stack     at maybeClose (internal/child_process.js:920:16)
14 verbose stack     at Process.ChildProcess._handle.onexit (internal/child_process.js:230:5)
15 verbose pkgid chatapplicationclient@0.0.0
16 verbose cwd /Users/burlac/personale/java/chatapplication/clientmvn/src/main/chataaplicationclient
17 error Darwin 19.6.0
18 error argv "/Users/burlac/.nvm/versions/node/v6.17.1/bin/node" "/Users/burlac/.nvm/versions/node/v6.17.1/bin/npm" "run" "start"
19 error node v6.17.1
20 error npm  v3.10.10
21 error code ELIFECYCLE
22 error chatapplicationclient@0.0.0 start: `ng serve`
22 error Exit status 3
23 error Failed at the chatapplicationclient@0.0.0 start script 'ng serve'.
23 error Make sure you have the latest version of node.js and npm installed.
23 error If you do, this is most likely a problem with the chatapplicationclient package,
23 error not with npm itself.
23 error Tell the author that this fails on your system:
23 error     ng serve
23 error You can get information on how to open an issue for this project with:
23 error     npm bugs chatapplicationclient
23 error Or if that isn't available, you can get their info via:
23 error     npm owner ls chatapplicationclient
23 error There is likely additional logging output above.
24 verbose exit [ 1, true ]
